{"uuid":"1fc7ed2b-fcf8-409c-aa90-3ec0d52c43e2","historyId":"d6f928fc540817abb9f689eabfa378e5","fullName":"src/test/resources/features/11UserModulePositive.feature:15","labels":[{"name":"tag","value":"tag11"},{"name":"host","value":"DESKTOP-0NN2DFH"},{"name":"thread","value":"10172@DESKTOP-0NN2DFH.main(1)"},{"name":"feature","value":"User Module Positive request"},{"name":"story","value":"Check if admin able to create a new Admin with valid endpoint and request body with mandatory and additional fields"},{"name":"suite","value":"User Module Positive request"},{"name":"testClass","value":"Check if admin able to create a new Admin with valid endpoint and request body with mandatory and additional fields"},{"name":"framework","value":"cucumber4jvm"},{"name":"language","value":"java"},{"name":"gherkin_uri","value":"file:///C:/Users/shanj/git/Team05_APITesters/Team05_APITesters/src/test/resources/features/11UserModulePositive.feature"},{"name":"package","value":"src.test.resources.features.11UserModulePositive_feature.User Module Positive request"}],"links":[],"name":"Check if admin able to create a new Admin with valid endpoint and request body with mandatory and additional fields","status":"failed","statusDetails":{"known":false,"muted":false,"flaky":false,"message":"1 expectation failed.\nResponse body doesn't match expectation.\nExpected: The content to match the given JSON schema.\nerror: object has missing required properties ([\"userComments\",\"userEduPg\",\"userEduUg\",\"userFirstName\",\"userId\",\"userLastName\",\"userLinkedinUrl\",\"userLocation\",\"userLoginEmail\",\"userMiddleName\",\"userPhoneNumber\",\"userTimeZone\",\"userVisaStatus\"])\n    level: \"error\"\n    schema: {\"loadingURI\":\"file:/C:/Users/shanj/git/Team05_APITesters/Team05_APITesters/target/test-classes/Schema/UserModule/PostSchema.json#\",\"pointer\":\"\"}\n    instance: {\"pointer\":\"\"}\n    domain: \"validation\"\n    keyword: \"required\"\n    required: [\"userComments\",\"userEduPg\",\"userEduUg\",\"userFirstName\",\"userId\",\"userLastName\",\"userLinkedinUrl\",\"userLocation\",\"userLoginEmail\",\"userMiddleName\",\"userPhoneNumber\",\"userTimeZone\",\"userVisaStatus\"]\n    missing: [\"userComments\",\"userEduPg\",\"userEduUg\",\"userFirstName\",\"userId\",\"userLastName\",\"userLinkedinUrl\",\"userLocation\",\"userLoginEmail\",\"userMiddleName\",\"userPhoneNumber\",\"userTimeZone\",\"userVisaStatus\"]\n\n  Actual: {\"message\":\"Failed to create new User as phone number 8603412343 already exists !!\",\"success\":false}\n","trace":"java.lang.AssertionError: 1 expectation failed.\nResponse body doesn't match expectation.\nExpected: The content to match the given JSON schema.\nerror: object has missing required properties ([\"userComments\",\"userEduPg\",\"userEduUg\",\"userFirstName\",\"userId\",\"userLastName\",\"userLinkedinUrl\",\"userLocation\",\"userLoginEmail\",\"userMiddleName\",\"userPhoneNumber\",\"userTimeZone\",\"userVisaStatus\"])\n    level: \"error\"\n    schema: {\"loadingURI\":\"file:/C:/Users/shanj/git/Team05_APITesters/Team05_APITesters/target/test-classes/Schema/UserModule/PostSchema.json#\",\"pointer\":\"\"}\n    instance: {\"pointer\":\"\"}\n    domain: \"validation\"\n    keyword: \"required\"\n    required: [\"userComments\",\"userEduPg\",\"userEduUg\",\"userFirstName\",\"userId\",\"userLastName\",\"userLinkedinUrl\",\"userLocation\",\"userLoginEmail\",\"userMiddleName\",\"userPhoneNumber\",\"userTimeZone\",\"userVisaStatus\"]\n    missing: [\"userComments\",\"userEduPg\",\"userEduUg\",\"userFirstName\",\"userId\",\"userLastName\",\"userLinkedinUrl\",\"userLocation\",\"userLoginEmail\",\"userMiddleName\",\"userPhoneNumber\",\"userTimeZone\",\"userVisaStatus\"]\n\n  Actual: {\"message\":\"Failed to create new User as phone number 8603412343 already exists !!\",\"success\":false}\n\r\n\tat java.base/jdk.internal.reflect.NativeConstructorAccessorImpl.newInstance0(Native Method)\r\n\tat java.base/jdk.internal.reflect.NativeConstructorAccessorImpl.newInstance(NativeConstructorAccessorImpl.java:77)\r\n\tat java.base/jdk.internal.reflect.DelegatingConstructorAccessorImpl.newInstance(DelegatingConstructorAccessorImpl.java:45)\r\n\tat java.base/java.lang.reflect.Constructor.newInstanceWithCaller(Constructor.java:499)\r\n\tat java.base/java.lang.reflect.Constructor.newInstance(Constructor.java:480)\r\n\tat org.codehaus.groovy.reflection.CachedConstructor.invoke(CachedConstructor.java:73)\r\n\tat org.codehaus.groovy.runtime.callsite.ConstructorSite$ConstructorSiteNoUnwrapNoCoerce.callConstructor(ConstructorSite.java:108)\r\n\tat org.codehaus.groovy.runtime.callsite.CallSiteArray.defaultCallConstructor(CallSiteArray.java:57)\r\n\tat org.codehaus.groovy.runtime.callsite.AbstractCallSite.callConstructor(AbstractCallSite.java:263)\r\n\tat org.codehaus.groovy.runtime.callsite.AbstractCallSite.callConstructor(AbstractCallSite.java:277)\r\n\tat io.restassured.internal.ResponseSpecificationImpl$HamcrestAssertionClosure.validate(ResponseSpecificationImpl.groovy:512)\r\n\tat io.restassured.internal.ResponseSpecificationImpl$HamcrestAssertionClosure$validate$1.call(Unknown Source)\r\n\tat io.restassured.internal.ResponseSpecificationImpl.validateResponseIfRequired(ResponseSpecificationImpl.groovy:696)\r\n\tat io.restassured.internal.ResponseSpecificationImpl.this$2$validateResponseIfRequired(ResponseSpecificationImpl.groovy)\r\n\tat java.base/jdk.internal.reflect.NativeMethodAccessorImpl.invoke0(Native Method)\r\n\tat java.base/jdk.internal.reflect.NativeMethodAccessorImpl.invoke(NativeMethodAccessorImpl.java:77)\r\n\tat java.base/jdk.internal.reflect.DelegatingMethodAccessorImpl.invoke(DelegatingMethodAccessorImpl.java:43)\r\n\tat java.base/java.lang.reflect.Method.invoke(Method.java:568)\r\n\tat org.codehaus.groovy.runtime.callsite.PlainObjectMetaMethodSite.doInvoke(PlainObjectMetaMethodSite.java:43)\r\n\tat org.codehaus.groovy.runtime.callsite.PogoMetaMethodSite$PogoCachedMethodSiteNoUnwrapNoCoerce.invoke(PogoMetaMethodSite.java:198)\r\n\tat org.codehaus.groovy.runtime.callsite.PogoMetaMethodSite.callCurrent(PogoMetaMethodSite.java:62)\r\n\tat org.codehaus.groovy.runtime.callsite.AbstractCallSite.callCurrent(AbstractCallSite.java:185)\r\n\tat io.restassured.internal.ResponseSpecificationImpl.body(ResponseSpecificationImpl.groovy:107)\r\n\tat io.restassured.internal.ValidatableResponseOptionsImpl.body(ValidatableResponseOptionsImpl.java:238)\r\n\tat api.stepdefinitions.UserModule.admin_sends_post_https_request_with_mandatory_and_additional_fields(UserModule.java:95)\r\n\tat ✽.Admin sends POST HTTPS Request with mandatory and additional fields(file:///C:/Users/shanj/git/Team05_APITesters/Team05_APITesters/src/test/resources/features/11UserModulePositive.feature:17)\r\n"},"stage":"finished","steps":[{"name":"Given  Admin sets Authorization token","status":"passed","statusDetails":{"known":false,"muted":false,"flaky":false},"stage":"finished","steps":[],"attachments":[],"parameters":[],"start":1712028632138,"stop":1712028632403},{"name":"Given  Admin creates POST request with all mandatory fields and an additional fields","status":"passed","statusDetails":{"known":false,"muted":false,"flaky":false},"stage":"finished","steps":[],"attachments":[],"parameters":[],"start":1712028632403,"stop":1712028632685},{"name":"When  Admin sends POST HTTPS Request with mandatory and additional fields","status":"failed","statusDetails":{"known":false,"muted":false,"flaky":false,"message":"1 expectation failed.\nResponse body doesn't match expectation.\nExpected: The content to match the given JSON schema.\nerror: object has missing required properties ([\"userComments\",\"userEduPg\",\"userEduUg\",\"userFirstName\",\"userId\",\"userLastName\",\"userLinkedinUrl\",\"userLocation\",\"userLoginEmail\",\"userMiddleName\",\"userPhoneNumber\",\"userTimeZone\",\"userVisaStatus\"])\n    level: \"error\"\n    schema: {\"loadingURI\":\"file:/C:/Users/shanj/git/Team05_APITesters/Team05_APITesters/target/test-classes/Schema/UserModule/PostSchema.json#\",\"pointer\":\"\"}\n    instance: {\"pointer\":\"\"}\n    domain: \"validation\"\n    keyword: \"required\"\n    required: [\"userComments\",\"userEduPg\",\"userEduUg\",\"userFirstName\",\"userId\",\"userLastName\",\"userLinkedinUrl\",\"userLocation\",\"userLoginEmail\",\"userMiddleName\",\"userPhoneNumber\",\"userTimeZone\",\"userVisaStatus\"]\n    missing: [\"userComments\",\"userEduPg\",\"userEduUg\",\"userFirstName\",\"userId\",\"userLastName\",\"userLinkedinUrl\",\"userLocation\",\"userLoginEmail\",\"userMiddleName\",\"userPhoneNumber\",\"userTimeZone\",\"userVisaStatus\"]\n\n  Actual: {\"message\":\"Failed to create new User as phone number 8603412343 already exists !!\",\"success\":false}\n","trace":"java.lang.AssertionError: 1 expectation failed.\nResponse body doesn't match expectation.\nExpected: The content to match the given JSON schema.\nerror: object has missing required properties ([\"userComments\",\"userEduPg\",\"userEduUg\",\"userFirstName\",\"userId\",\"userLastName\",\"userLinkedinUrl\",\"userLocation\",\"userLoginEmail\",\"userMiddleName\",\"userPhoneNumber\",\"userTimeZone\",\"userVisaStatus\"])\n    level: \"error\"\n    schema: {\"loadingURI\":\"file:/C:/Users/shanj/git/Team05_APITesters/Team05_APITesters/target/test-classes/Schema/UserModule/PostSchema.json#\",\"pointer\":\"\"}\n    instance: {\"pointer\":\"\"}\n    domain: \"validation\"\n    keyword: \"required\"\n    required: [\"userComments\",\"userEduPg\",\"userEduUg\",\"userFirstName\",\"userId\",\"userLastName\",\"userLinkedinUrl\",\"userLocation\",\"userLoginEmail\",\"userMiddleName\",\"userPhoneNumber\",\"userTimeZone\",\"userVisaStatus\"]\n    missing: [\"userComments\",\"userEduPg\",\"userEduUg\",\"userFirstName\",\"userId\",\"userLastName\",\"userLinkedinUrl\",\"userLocation\",\"userLoginEmail\",\"userMiddleName\",\"userPhoneNumber\",\"userTimeZone\",\"userVisaStatus\"]\n\n  Actual: {\"message\":\"Failed to create new User as phone number 8603412343 already exists !!\",\"success\":false}\n\r\n\tat java.base/jdk.internal.reflect.NativeConstructorAccessorImpl.newInstance0(Native Method)\r\n\tat java.base/jdk.internal.reflect.NativeConstructorAccessorImpl.newInstance(NativeConstructorAccessorImpl.java:77)\r\n\tat java.base/jdk.internal.reflect.DelegatingConstructorAccessorImpl.newInstance(DelegatingConstructorAccessorImpl.java:45)\r\n\tat java.base/java.lang.reflect.Constructor.newInstanceWithCaller(Constructor.java:499)\r\n\tat java.base/java.lang.reflect.Constructor.newInstance(Constructor.java:480)\r\n\tat org.codehaus.groovy.reflection.CachedConstructor.invoke(CachedConstructor.java:73)\r\n\tat org.codehaus.groovy.runtime.callsite.ConstructorSite$ConstructorSiteNoUnwrapNoCoerce.callConstructor(ConstructorSite.java:108)\r\n\tat org.codehaus.groovy.runtime.callsite.CallSiteArray.defaultCallConstructor(CallSiteArray.java:57)\r\n\tat org.codehaus.groovy.runtime.callsite.AbstractCallSite.callConstructor(AbstractCallSite.java:263)\r\n\tat org.codehaus.groovy.runtime.callsite.AbstractCallSite.callConstructor(AbstractCallSite.java:277)\r\n\tat io.restassured.internal.ResponseSpecificationImpl$HamcrestAssertionClosure.validate(ResponseSpecificationImpl.groovy:512)\r\n\tat io.restassured.internal.ResponseSpecificationImpl$HamcrestAssertionClosure$validate$1.call(Unknown Source)\r\n\tat io.restassured.internal.ResponseSpecificationImpl.validateResponseIfRequired(ResponseSpecificationImpl.groovy:696)\r\n\tat io.restassured.internal.ResponseSpecificationImpl.this$2$validateResponseIfRequired(ResponseSpecificationImpl.groovy)\r\n\tat java.base/jdk.internal.reflect.NativeMethodAccessorImpl.invoke0(Native Method)\r\n\tat java.base/jdk.internal.reflect.NativeMethodAccessorImpl.invoke(NativeMethodAccessorImpl.java:77)\r\n\tat java.base/jdk.internal.reflect.DelegatingMethodAccessorImpl.invoke(DelegatingMethodAccessorImpl.java:43)\r\n\tat java.base/java.lang.reflect.Method.invoke(Method.java:568)\r\n\tat org.codehaus.groovy.runtime.callsite.PlainObjectMetaMethodSite.doInvoke(PlainObjectMetaMethodSite.java:43)\r\n\tat org.codehaus.groovy.runtime.callsite.PogoMetaMethodSite$PogoCachedMethodSiteNoUnwrapNoCoerce.invoke(PogoMetaMethodSite.java:198)\r\n\tat org.codehaus.groovy.runtime.callsite.PogoMetaMethodSite.callCurrent(PogoMetaMethodSite.java:62)\r\n\tat org.codehaus.groovy.runtime.callsite.AbstractCallSite.callCurrent(AbstractCallSite.java:185)\r\n\tat io.restassured.internal.ResponseSpecificationImpl.body(ResponseSpecificationImpl.groovy:107)\r\n\tat io.restassured.internal.ValidatableResponseOptionsImpl.body(ValidatableResponseOptionsImpl.java:238)\r\n\tat api.stepdefinitions.UserModule.admin_sends_post_https_request_with_mandatory_and_additional_fields(UserModule.java:95)\r\n\tat ✽.Admin sends POST HTTPS Request with mandatory and additional fields(file:///C:/Users/shanj/git/Team05_APITesters/Team05_APITesters/src/test/resources/features/11UserModulePositive.feature:17)\r\n"},"stage":"finished","steps":[],"attachments":[],"parameters":[],"start":1712028632686,"stop":1712028632862},{"name":"Then  Admin receives 201 Created Status","status":"skipped","statusDetails":{"known":false,"muted":false,"flaky":false},"stage":"finished","steps":[],"attachments":[],"parameters":[],"start":1712028632863,"stop":1712028632864}],"attachments":[],"parameters":[],"start":1712028632138,"stop":1712028632865}