{"uuid":"3303733c-50fa-44e7-ae3d-aeebbd86495d","historyId":"55cd055629917ccb237a2e659b7e8a59","fullName":"src/test/resources/features/11UserModulePositive.feature:73","labels":[{"name":"tag","value":"tag11"},{"name":"host","value":"DESKTOP-0NN2DFH"},{"name":"thread","value":"16288@DESKTOP-0NN2DFH.main(1)"},{"name":"feature","value":"User Module Positive request"},{"name":"story","value":"Check if admin is able to get the Admins for valid program Id"},{"name":"suite","value":"User Module Positive request"},{"name":"testClass","value":"Check if admin is able to get the Admins for valid program Id"},{"name":"framework","value":"cucumber4jvm"},{"name":"language","value":"java"},{"name":"gherkin_uri","value":"file:///C:/Users/shanj/git/Team05_APITesters/Team05_APITesters/src/test/resources/features/11UserModulePositive.feature"},{"name":"package","value":"src.test.resources.features.11UserModulePositive_feature.User Module Positive request"}],"links":[],"name":"Check if admin is able to get the Admins for valid program Id","status":"failed","statusDetails":{"known":false,"muted":false,"flaky":false,"message":"1 expectation failed.\nResponse body doesn't match expectation.\nExpected: The content to match the given JSON schema.\nerror: instance type (object) does not match any allowed primitive type (allowed: [\"array\"])\n    level: \"error\"\n    schema: {\"loadingURI\":\"file:/C:/Users/shanj/git/Team05_APITesters/Team05_APITesters/target/test-classes/Schema/UserModule/GetProgramBatchSchema.json#\",\"pointer\":\"\"}\n    instance: {\"pointer\":\"\"}\n    domain: \"validation\"\n    keyword: \"type\"\n    found: \"object\"\n    expected: [\"array\"]\n\n  Actual: {\"message\":\"No Users found for the given program ID: 17613\",\"success\":false}\n","trace":"java.lang.AssertionError: 1 expectation failed.\nResponse body doesn't match expectation.\nExpected: The content to match the given JSON schema.\nerror: instance type (object) does not match any allowed primitive type (allowed: [\"array\"])\n    level: \"error\"\n    schema: {\"loadingURI\":\"file:/C:/Users/shanj/git/Team05_APITesters/Team05_APITesters/target/test-classes/Schema/UserModule/GetProgramBatchSchema.json#\",\"pointer\":\"\"}\n    instance: {\"pointer\":\"\"}\n    domain: \"validation\"\n    keyword: \"type\"\n    found: \"object\"\n    expected: [\"array\"]\n\n  Actual: {\"message\":\"No Users found for the given program ID: 17613\",\"success\":false}\n\r\n\tat java.base/jdk.internal.reflect.NativeConstructorAccessorImpl.newInstance0(Native Method)\r\n\tat java.base/jdk.internal.reflect.NativeConstructorAccessorImpl.newInstance(NativeConstructorAccessorImpl.java:77)\r\n\tat java.base/jdk.internal.reflect.DelegatingConstructorAccessorImpl.newInstance(DelegatingConstructorAccessorImpl.java:45)\r\n\tat java.base/java.lang.reflect.Constructor.newInstanceWithCaller(Constructor.java:499)\r\n\tat java.base/java.lang.reflect.Constructor.newInstance(Constructor.java:480)\r\n\tat org.codehaus.groovy.reflection.CachedConstructor.invoke(CachedConstructor.java:73)\r\n\tat org.codehaus.groovy.runtime.callsite.ConstructorSite$ConstructorSiteNoUnwrapNoCoerce.callConstructor(ConstructorSite.java:108)\r\n\tat org.codehaus.groovy.runtime.callsite.AbstractCallSite.callConstructor(AbstractCallSite.java:277)\r\n\tat io.restassured.internal.ResponseSpecificationImpl$HamcrestAssertionClosure.validate(ResponseSpecificationImpl.groovy:512)\r\n\tat io.restassured.internal.ResponseSpecificationImpl$HamcrestAssertionClosure$validate$1.call(Unknown Source)\r\n\tat io.restassured.internal.ResponseSpecificationImpl.validateResponseIfRequired(ResponseSpecificationImpl.groovy:696)\r\n\tat io.restassured.internal.ResponseSpecificationImpl.this$2$validateResponseIfRequired(ResponseSpecificationImpl.groovy)\r\n\tat java.base/jdk.internal.reflect.NativeMethodAccessorImpl.invoke0(Native Method)\r\n\tat java.base/jdk.internal.reflect.NativeMethodAccessorImpl.invoke(NativeMethodAccessorImpl.java:77)\r\n\tat java.base/jdk.internal.reflect.DelegatingMethodAccessorImpl.invoke(DelegatingMethodAccessorImpl.java:43)\r\n\tat java.base/java.lang.reflect.Method.invoke(Method.java:568)\r\n\tat org.codehaus.groovy.runtime.callsite.PlainObjectMetaMethodSite.doInvoke(PlainObjectMetaMethodSite.java:43)\r\n\tat org.codehaus.groovy.runtime.callsite.PogoMetaMethodSite$PogoCachedMethodSiteNoUnwrapNoCoerce.invoke(PogoMetaMethodSite.java:198)\r\n\tat org.codehaus.groovy.runtime.callsite.PogoMetaMethodSite.callCurrent(PogoMetaMethodSite.java:62)\r\n\tat org.codehaus.groovy.runtime.callsite.AbstractCallSite.callCurrent(AbstractCallSite.java:185)\r\n\tat io.restassured.internal.ResponseSpecificationImpl.body(ResponseSpecificationImpl.groovy:107)\r\n\tat io.restassured.internal.ValidatableResponseOptionsImpl.body(ValidatableResponseOptionsImpl.java:238)\r\n\tat api.stepdefinitions.UserModule.admin_sends_gets_users_for_program_https_request_with_endpoint(UserModule.java:258)\r\n\tat ✽.Admin sends Gets Users for Program HTTPS Request with endpoint(file:///C:/Users/shanj/git/Team05_APITesters/Team05_APITesters/src/test/resources/features/11UserModulePositive.feature:75)\r\n"},"stage":"finished","steps":[{"name":"Given  Admin sets Authorization token","status":"passed","statusDetails":{"known":false,"muted":false,"flaky":false},"stage":"finished","steps":[],"attachments":[],"parameters":[],"start":1712027451743,"stop":1712027452014},{"name":"Given  Admin creates GET Request with valid program Id","status":"passed","statusDetails":{"known":false,"muted":false,"flaky":false},"stage":"finished","steps":[],"attachments":[],"parameters":[],"start":1712027452014,"stop":1712027452015},{"name":"When  Admin sends Gets Users for Program HTTPS Request with endpoint","status":"failed","statusDetails":{"known":false,"muted":false,"flaky":false,"message":"1 expectation failed.\nResponse body doesn't match expectation.\nExpected: The content to match the given JSON schema.\nerror: instance type (object) does not match any allowed primitive type (allowed: [\"array\"])\n    level: \"error\"\n    schema: {\"loadingURI\":\"file:/C:/Users/shanj/git/Team05_APITesters/Team05_APITesters/target/test-classes/Schema/UserModule/GetProgramBatchSchema.json#\",\"pointer\":\"\"}\n    instance: {\"pointer\":\"\"}\n    domain: \"validation\"\n    keyword: \"type\"\n    found: \"object\"\n    expected: [\"array\"]\n\n  Actual: {\"message\":\"No Users found for the given program ID: 17613\",\"success\":false}\n","trace":"java.lang.AssertionError: 1 expectation failed.\nResponse body doesn't match expectation.\nExpected: The content to match the given JSON schema.\nerror: instance type (object) does not match any allowed primitive type (allowed: [\"array\"])\n    level: \"error\"\n    schema: {\"loadingURI\":\"file:/C:/Users/shanj/git/Team05_APITesters/Team05_APITesters/target/test-classes/Schema/UserModule/GetProgramBatchSchema.json#\",\"pointer\":\"\"}\n    instance: {\"pointer\":\"\"}\n    domain: \"validation\"\n    keyword: \"type\"\n    found: \"object\"\n    expected: [\"array\"]\n\n  Actual: {\"message\":\"No Users found for the given program ID: 17613\",\"success\":false}\n\r\n\tat java.base/jdk.internal.reflect.NativeConstructorAccessorImpl.newInstance0(Native Method)\r\n\tat java.base/jdk.internal.reflect.NativeConstructorAccessorImpl.newInstance(NativeConstructorAccessorImpl.java:77)\r\n\tat java.base/jdk.internal.reflect.DelegatingConstructorAccessorImpl.newInstance(DelegatingConstructorAccessorImpl.java:45)\r\n\tat java.base/java.lang.reflect.Constructor.newInstanceWithCaller(Constructor.java:499)\r\n\tat java.base/java.lang.reflect.Constructor.newInstance(Constructor.java:480)\r\n\tat org.codehaus.groovy.reflection.CachedConstructor.invoke(CachedConstructor.java:73)\r\n\tat org.codehaus.groovy.runtime.callsite.ConstructorSite$ConstructorSiteNoUnwrapNoCoerce.callConstructor(ConstructorSite.java:108)\r\n\tat org.codehaus.groovy.runtime.callsite.AbstractCallSite.callConstructor(AbstractCallSite.java:277)\r\n\tat io.restassured.internal.ResponseSpecificationImpl$HamcrestAssertionClosure.validate(ResponseSpecificationImpl.groovy:512)\r\n\tat io.restassured.internal.ResponseSpecificationImpl$HamcrestAssertionClosure$validate$1.call(Unknown Source)\r\n\tat io.restassured.internal.ResponseSpecificationImpl.validateResponseIfRequired(ResponseSpecificationImpl.groovy:696)\r\n\tat io.restassured.internal.ResponseSpecificationImpl.this$2$validateResponseIfRequired(ResponseSpecificationImpl.groovy)\r\n\tat java.base/jdk.internal.reflect.NativeMethodAccessorImpl.invoke0(Native Method)\r\n\tat java.base/jdk.internal.reflect.NativeMethodAccessorImpl.invoke(NativeMethodAccessorImpl.java:77)\r\n\tat java.base/jdk.internal.reflect.DelegatingMethodAccessorImpl.invoke(DelegatingMethodAccessorImpl.java:43)\r\n\tat java.base/java.lang.reflect.Method.invoke(Method.java:568)\r\n\tat org.codehaus.groovy.runtime.callsite.PlainObjectMetaMethodSite.doInvoke(PlainObjectMetaMethodSite.java:43)\r\n\tat org.codehaus.groovy.runtime.callsite.PogoMetaMethodSite$PogoCachedMethodSiteNoUnwrapNoCoerce.invoke(PogoMetaMethodSite.java:198)\r\n\tat org.codehaus.groovy.runtime.callsite.PogoMetaMethodSite.callCurrent(PogoMetaMethodSite.java:62)\r\n\tat org.codehaus.groovy.runtime.callsite.AbstractCallSite.callCurrent(AbstractCallSite.java:185)\r\n\tat io.restassured.internal.ResponseSpecificationImpl.body(ResponseSpecificationImpl.groovy:107)\r\n\tat io.restassured.internal.ValidatableResponseOptionsImpl.body(ValidatableResponseOptionsImpl.java:238)\r\n\tat api.stepdefinitions.UserModule.admin_sends_gets_users_for_program_https_request_with_endpoint(UserModule.java:258)\r\n\tat ✽.Admin sends Gets Users for Program HTTPS Request with endpoint(file:///C:/Users/shanj/git/Team05_APITesters/Team05_APITesters/src/test/resources/features/11UserModulePositive.feature:75)\r\n"},"stage":"finished","steps":[],"attachments":[],"parameters":[],"start":1712027452016,"stop":1712027452162},{"name":"Then  Admin receives 200 OK","status":"skipped","statusDetails":{"known":false,"muted":false,"flaky":false},"stage":"finished","steps":[],"attachments":[],"parameters":[],"start":1712027452163,"stop":1712027452164}],"attachments":[],"parameters":[],"start":1712027451742,"stop":1712027452164}