{"uuid":"7b26ef51-fb72-4d76-8bd0-1c3a4c5bf03f","historyId":"e54231540cebab32496af8d0b4c4a28a","fullName":"src/test/resources/features/11UserModulePositive.feature:66","labels":[{"name":"tag","value":"tag11"},{"name":"host","value":"DESKTOP-0NN2DFH"},{"name":"thread","value":"16288@DESKTOP-0NN2DFH.main(1)"},{"name":"feature","value":"User Module Positive request"},{"name":"story","value":"Check if admin is able to get the Admins by program batches for valid batch ID"},{"name":"suite","value":"User Module Positive request"},{"name":"testClass","value":"Check if admin is able to get the Admins by program batches for valid batch ID"},{"name":"framework","value":"cucumber4jvm"},{"name":"language","value":"java"},{"name":"gherkin_uri","value":"file:///C:/Users/shanj/git/Team05_APITesters/Team05_APITesters/src/test/resources/features/11UserModulePositive.feature"},{"name":"package","value":"src.test.resources.features.11UserModulePositive_feature.User Module Positive request"}],"links":[],"name":"Check if admin is able to get the Admins by program batches for valid batch ID","status":"failed","statusDetails":{"known":false,"muted":false,"flaky":false,"message":"1 expectation failed.\nResponse body doesn't match expectation.\nExpected: The content to match the given JSON schema.\nerror: instance type (object) does not match any allowed primitive type (allowed: [\"array\"])\n    level: \"error\"\n    schema: {\"loadingURI\":\"file:/C:/Users/shanj/git/Team05_APITesters/Team05_APITesters/target/test-classes/Schema/UserModule/GetProgramBatchSchema.json#\",\"pointer\":\"\"}\n    instance: {\"pointer\":\"\"}\n    domain: \"validation\"\n    keyword: \"type\"\n    found: \"object\"\n    expected: [\"array\"]\n\n  Actual: {\"message\":\"No Users found for the given Batch ID: 9906\",\"success\":false}\n","trace":"java.lang.AssertionError: 1 expectation failed.\nResponse body doesn't match expectation.\nExpected: The content to match the given JSON schema.\nerror: instance type (object) does not match any allowed primitive type (allowed: [\"array\"])\n    level: \"error\"\n    schema: {\"loadingURI\":\"file:/C:/Users/shanj/git/Team05_APITesters/Team05_APITesters/target/test-classes/Schema/UserModule/GetProgramBatchSchema.json#\",\"pointer\":\"\"}\n    instance: {\"pointer\":\"\"}\n    domain: \"validation\"\n    keyword: \"type\"\n    found: \"object\"\n    expected: [\"array\"]\n\n  Actual: {\"message\":\"No Users found for the given Batch ID: 9906\",\"success\":false}\n\r\n\tat java.base/jdk.internal.reflect.NativeConstructorAccessorImpl.newInstance0(Native Method)\r\n\tat java.base/jdk.internal.reflect.NativeConstructorAccessorImpl.newInstance(NativeConstructorAccessorImpl.java:77)\r\n\tat java.base/jdk.internal.reflect.DelegatingConstructorAccessorImpl.newInstance(DelegatingConstructorAccessorImpl.java:45)\r\n\tat java.base/java.lang.reflect.Constructor.newInstanceWithCaller(Constructor.java:499)\r\n\tat java.base/java.lang.reflect.Constructor.newInstance(Constructor.java:480)\r\n\tat org.codehaus.groovy.reflection.CachedConstructor.invoke(CachedConstructor.java:73)\r\n\tat org.codehaus.groovy.runtime.callsite.ConstructorSite$ConstructorSiteNoUnwrapNoCoerce.callConstructor(ConstructorSite.java:108)\r\n\tat org.codehaus.groovy.runtime.callsite.AbstractCallSite.callConstructor(AbstractCallSite.java:277)\r\n\tat io.restassured.internal.ResponseSpecificationImpl$HamcrestAssertionClosure.validate(ResponseSpecificationImpl.groovy:512)\r\n\tat io.restassured.internal.ResponseSpecificationImpl$HamcrestAssertionClosure$validate$1.call(Unknown Source)\r\n\tat io.restassured.internal.ResponseSpecificationImpl.validateResponseIfRequired(ResponseSpecificationImpl.groovy:696)\r\n\tat io.restassured.internal.ResponseSpecificationImpl.this$2$validateResponseIfRequired(ResponseSpecificationImpl.groovy)\r\n\tat java.base/jdk.internal.reflect.NativeMethodAccessorImpl.invoke0(Native Method)\r\n\tat java.base/jdk.internal.reflect.NativeMethodAccessorImpl.invoke(NativeMethodAccessorImpl.java:77)\r\n\tat java.base/jdk.internal.reflect.DelegatingMethodAccessorImpl.invoke(DelegatingMethodAccessorImpl.java:43)\r\n\tat java.base/java.lang.reflect.Method.invoke(Method.java:568)\r\n\tat org.codehaus.groovy.runtime.callsite.PlainObjectMetaMethodSite.doInvoke(PlainObjectMetaMethodSite.java:43)\r\n\tat org.codehaus.groovy.runtime.callsite.PogoMetaMethodSite$PogoCachedMethodSiteNoUnwrapNoCoerce.invoke(PogoMetaMethodSite.java:198)\r\n\tat org.codehaus.groovy.runtime.callsite.PogoMetaMethodSite.callCurrent(PogoMetaMethodSite.java:62)\r\n\tat org.codehaus.groovy.runtime.callsite.AbstractCallSite.callCurrent(AbstractCallSite.java:185)\r\n\tat io.restassured.internal.ResponseSpecificationImpl.body(ResponseSpecificationImpl.groovy:107)\r\n\tat io.restassured.internal.ValidatableResponseOptionsImpl.body(ValidatableResponseOptionsImpl.java:238)\r\n\tat api.stepdefinitions.UserModule.admin_sends_get_user_by_program_batches_https_request_with_endpoint(UserModule.java:238)\r\n\tat ✽.Admin sends Get User by Program Batches HTTPS Request with endpoint(file:///C:/Users/shanj/git/Team05_APITesters/Team05_APITesters/src/test/resources/features/11UserModulePositive.feature:68)\r\n"},"stage":"finished","steps":[{"name":"Given  Admin sets Authorization token","status":"passed","statusDetails":{"known":false,"muted":false,"flaky":false},"stage":"finished","steps":[],"attachments":[],"parameters":[],"start":1712027451277,"stop":1712027451575},{"name":"Given  Admin creates GET Request with valid batch Id","status":"passed","statusDetails":{"known":false,"muted":false,"flaky":false},"stage":"finished","steps":[],"attachments":[],"parameters":[],"start":1712027451575,"stop":1712027451576},{"name":"When  Admin sends Get User by Program Batches HTTPS Request with endpoint","status":"failed","statusDetails":{"known":false,"muted":false,"flaky":false,"message":"1 expectation failed.\nResponse body doesn't match expectation.\nExpected: The content to match the given JSON schema.\nerror: instance type (object) does not match any allowed primitive type (allowed: [\"array\"])\n    level: \"error\"\n    schema: {\"loadingURI\":\"file:/C:/Users/shanj/git/Team05_APITesters/Team05_APITesters/target/test-classes/Schema/UserModule/GetProgramBatchSchema.json#\",\"pointer\":\"\"}\n    instance: {\"pointer\":\"\"}\n    domain: \"validation\"\n    keyword: \"type\"\n    found: \"object\"\n    expected: [\"array\"]\n\n  Actual: {\"message\":\"No Users found for the given Batch ID: 9906\",\"success\":false}\n","trace":"java.lang.AssertionError: 1 expectation failed.\nResponse body doesn't match expectation.\nExpected: The content to match the given JSON schema.\nerror: instance type (object) does not match any allowed primitive type (allowed: [\"array\"])\n    level: \"error\"\n    schema: {\"loadingURI\":\"file:/C:/Users/shanj/git/Team05_APITesters/Team05_APITesters/target/test-classes/Schema/UserModule/GetProgramBatchSchema.json#\",\"pointer\":\"\"}\n    instance: {\"pointer\":\"\"}\n    domain: \"validation\"\n    keyword: \"type\"\n    found: \"object\"\n    expected: [\"array\"]\n\n  Actual: {\"message\":\"No Users found for the given Batch ID: 9906\",\"success\":false}\n\r\n\tat java.base/jdk.internal.reflect.NativeConstructorAccessorImpl.newInstance0(Native Method)\r\n\tat java.base/jdk.internal.reflect.NativeConstructorAccessorImpl.newInstance(NativeConstructorAccessorImpl.java:77)\r\n\tat java.base/jdk.internal.reflect.DelegatingConstructorAccessorImpl.newInstance(DelegatingConstructorAccessorImpl.java:45)\r\n\tat java.base/java.lang.reflect.Constructor.newInstanceWithCaller(Constructor.java:499)\r\n\tat java.base/java.lang.reflect.Constructor.newInstance(Constructor.java:480)\r\n\tat org.codehaus.groovy.reflection.CachedConstructor.invoke(CachedConstructor.java:73)\r\n\tat org.codehaus.groovy.runtime.callsite.ConstructorSite$ConstructorSiteNoUnwrapNoCoerce.callConstructor(ConstructorSite.java:108)\r\n\tat org.codehaus.groovy.runtime.callsite.AbstractCallSite.callConstructor(AbstractCallSite.java:277)\r\n\tat io.restassured.internal.ResponseSpecificationImpl$HamcrestAssertionClosure.validate(ResponseSpecificationImpl.groovy:512)\r\n\tat io.restassured.internal.ResponseSpecificationImpl$HamcrestAssertionClosure$validate$1.call(Unknown Source)\r\n\tat io.restassured.internal.ResponseSpecificationImpl.validateResponseIfRequired(ResponseSpecificationImpl.groovy:696)\r\n\tat io.restassured.internal.ResponseSpecificationImpl.this$2$validateResponseIfRequired(ResponseSpecificationImpl.groovy)\r\n\tat java.base/jdk.internal.reflect.NativeMethodAccessorImpl.invoke0(Native Method)\r\n\tat java.base/jdk.internal.reflect.NativeMethodAccessorImpl.invoke(NativeMethodAccessorImpl.java:77)\r\n\tat java.base/jdk.internal.reflect.DelegatingMethodAccessorImpl.invoke(DelegatingMethodAccessorImpl.java:43)\r\n\tat java.base/java.lang.reflect.Method.invoke(Method.java:568)\r\n\tat org.codehaus.groovy.runtime.callsite.PlainObjectMetaMethodSite.doInvoke(PlainObjectMetaMethodSite.java:43)\r\n\tat org.codehaus.groovy.runtime.callsite.PogoMetaMethodSite$PogoCachedMethodSiteNoUnwrapNoCoerce.invoke(PogoMetaMethodSite.java:198)\r\n\tat org.codehaus.groovy.runtime.callsite.PogoMetaMethodSite.callCurrent(PogoMetaMethodSite.java:62)\r\n\tat org.codehaus.groovy.runtime.callsite.AbstractCallSite.callCurrent(AbstractCallSite.java:185)\r\n\tat io.restassured.internal.ResponseSpecificationImpl.body(ResponseSpecificationImpl.groovy:107)\r\n\tat io.restassured.internal.ValidatableResponseOptionsImpl.body(ValidatableResponseOptionsImpl.java:238)\r\n\tat api.stepdefinitions.UserModule.admin_sends_get_user_by_program_batches_https_request_with_endpoint(UserModule.java:238)\r\n\tat ✽.Admin sends Get User by Program Batches HTTPS Request with endpoint(file:///C:/Users/shanj/git/Team05_APITesters/Team05_APITesters/src/test/resources/features/11UserModulePositive.feature:68)\r\n"},"stage":"finished","steps":[],"attachments":[],"parameters":[],"start":1712027451577,"stop":1712027451731},{"name":"Then  Admin receives 200 OK","status":"skipped","statusDetails":{"known":false,"muted":false,"flaky":false},"stage":"finished","steps":[],"attachments":[],"parameters":[],"start":1712027451732,"stop":1712027451732}],"attachments":[],"parameters":[],"start":1712027451277,"stop":1712027451733}